13:56:47.331 [main] INFO  org.yiwan.webcore.util.PropHelper - server information:
[
  {
    "applicationServers": [
      {
        "id": 0,
        "name": "default",
        "url": "http://10.20.0.79:8080",
        "username": "rpadmin",
        "password": "password"
      }
    ],
    "databaseServers": [
      {
        "id": 0,
        "name": "ar_database",
        "driver": "sqlserver",
        "host": "172.20.20.230\\sql12",
        "schema": "AR_AUTO_OWNERv2"
      },
      {
        "id": 1,
        "name": "ofsaa_database",
        "driver": "oracle",
        "host": "172.20.20.49@ora12c",
        "schema": "SCHD1_DMP"
      },
      {
        "id": 2,
        "name": "ofsaa_database",
        "driver": "oracle",
        "host": "172.20.20.49@ora12c",
        "schema": "FR2052A"
      }
    ]
  },
  {
    "applicationServers": [
      {
        "id": 0,
        "name": "default",
        "url": "http://10.20.0.79:8080",
        "username": "rpadmin",
        "password": "password"
      }
    ],
    "databaseServers": [
      {
        "id": 0,
        "name": "ar_database",
        "driver": "sqlserver",
        "host": "172.20.20.230\\sql12",
        "schema": "AR_AUTO_OWNERv2"
      },
      {
        "id": 1,
        "name": "ofsaa_database",
        "driver": "oracle",
        "host": "172.20.20.49@ora12c",
        "schema": "SCHD1_DMP"
      },
      {
        "id": 2,
        "name": "ofsaa_database",
        "driver": "oracle",
        "host": "172.20.20.49@ora12c",
        "schema": "FR2052A"
      }
    ]
  },
  {
    "applicationServers": [
      {
        "id": 0,
        "name": "default",
        "url": "http://10.20.0.79:8080",
        "username": "rpadmin",
        "password": "password"
      }
    ],
    "databaseServers": [
      {
        "id": 0,
        "name": "ar_database",
        "driver": "sqlserver",
        "host": "172.20.20.230\\sql12",
        "schema": "AR_AUTO_OWNERv2"
      },
      {
        "id": 1,
        "name": "ofsaa_database",
        "driver": "oracle",
        "host": "172.20.20.49@ora12c",
        "schema": "SCHD1_DMP"
      },
      {
        "id": 2,
        "name": "ofsaa_database",
        "driver": "oracle",
        "host": "172.20.20.49@ora12c",
        "schema": "FR2052A"
      }
    ]
  },
  {
    "applicationServers": [
      {
        "id": 0,
        "name": "default",
        "url": "http://10.20.0.79:8080",
        "username": "rpadmin",
        "password": "password"
      }
    ],
    "databaseServers": [
      {
        "id": 0,
        "name": "ar_database",
        "driver": "sqlserver",
        "host": "172.20.20.230\\sql12",
        "schema": "AR_AUTO_OWNERv2"
      },
      {
        "id": 1,
        "name": "ofsaa_database",
        "driver": "oracle",
        "host": "172.20.20.49@ora12c",
        "schema": "SCHD1_DMP"
      },
      {
        "id": 2,
        "name": "ofsaa_database",
        "driver": "oracle",
        "host": "172.20.20.49@ora12c",
        "schema": "FR2052A"
      }
    ]
  },
  {
    "applicationServers": [
      {
        "id": 0,
        "name": "default",
        "url": "http://10.20.0.79:8080",
        "username": "rpadmin",
        "password": "password"
      }
    ],
    "databaseServers": [
      {
        "id": 0,
        "name": "ar_database",
        "driver": "sqlserver",
        "host": "172.20.20.230\\sql12",
        "schema": "AR_AUTO_OWNERv2"
      },
      {
        "id": 1,
        "name": "ofsaa_database",
        "driver": "oracle",
        "host": "172.20.20.49@ora12c",
        "schema": "SCHD1_DMP"
      },
      {
        "id": 2,
        "name": "ofsaa_database",
        "driver": "oracle",
        "host": "172.20.20.49@ora12c",
        "schema": "FR2052A"
      }
    ]
  }
]
13:56:47.611 [main] INFO  com.lombardrisk.testCase.ExportForm - set up  before method
13:57:21.691 [main] INFO  org.yiwan.webcore.util.PropHelper - server information:
[
  {
    "applicationServers": [
      {
        "id": 0,
        "name": "default",
        "url": "http://10.20.0.79:8080",
        "username": "rpadmin",
        "password": "password"
      }
    ],
    "databaseServers": [
      {
        "id": 0,
        "name": "ar_database",
        "driver": "sqlserver",
        "host": "172.20.20.230\\sql12",
        "schema": "AR_AUTO_OWNERv2"
      },
      {
        "id": 1,
        "name": "ofsaa_database",
        "driver": "oracle",
        "host": "172.20.20.49@ora12c",
        "schema": "SCHD1_DMP"
      },
      {
        "id": 2,
        "name": "ofsaa_database",
        "driver": "oracle",
        "host": "172.20.20.49@ora12c",
        "schema": "FR2052A"
      }
    ]
  },
  {
    "applicationServers": [
      {
        "id": 0,
        "name": "default",
        "url": "http://10.20.0.79:8080",
        "username": "rpadmin",
        "password": "password"
      }
    ],
    "databaseServers": [
      {
        "id": 0,
        "name": "ar_database",
        "driver": "sqlserver",
        "host": "172.20.20.230\\sql12",
        "schema": "AR_AUTO_OWNERv2"
      },
      {
        "id": 1,
        "name": "ofsaa_database",
        "driver": "oracle",
        "host": "172.20.20.49@ora12c",
        "schema": "SCHD1_DMP"
      },
      {
        "id": 2,
        "name": "ofsaa_database",
        "driver": "oracle",
        "host": "172.20.20.49@ora12c",
        "schema": "FR2052A"
      }
    ]
  },
  {
    "applicationServers": [
      {
        "id": 0,
        "name": "default",
        "url": "http://10.20.0.79:8080",
        "username": "rpadmin",
        "password": "password"
      }
    ],
    "databaseServers": [
      {
        "id": 0,
        "name": "ar_database",
        "driver": "sqlserver",
        "host": "172.20.20.230\\sql12",
        "schema": "AR_AUTO_OWNERv2"
      },
      {
        "id": 1,
        "name": "ofsaa_database",
        "driver": "oracle",
        "host": "172.20.20.49@ora12c",
        "schema": "SCHD1_DMP"
      },
      {
        "id": 2,
        "name": "ofsaa_database",
        "driver": "oracle",
        "host": "172.20.20.49@ora12c",
        "schema": "FR2052A"
      }
    ]
  },
  {
    "applicationServers": [
      {
        "id": 0,
        "name": "default",
        "url": "http://10.20.0.79:8080",
        "username": "rpadmin",
        "password": "password"
      }
    ],
    "databaseServers": [
      {
        "id": 0,
        "name": "ar_database",
        "driver": "sqlserver",
        "host": "172.20.20.230\\sql12",
        "schema": "AR_AUTO_OWNERv2"
      },
      {
        "id": 1,
        "name": "ofsaa_database",
        "driver": "oracle",
        "host": "172.20.20.49@ora12c",
        "schema": "SCHD1_DMP"
      },
      {
        "id": 2,
        "name": "ofsaa_database",
        "driver": "oracle",
        "host": "172.20.20.49@ora12c",
        "schema": "FR2052A"
      }
    ]
  },
  {
    "applicationServers": [
      {
        "id": 0,
        "name": "default",
        "url": "http://10.20.0.79:8080",
        "username": "rpadmin",
        "password": "password"
      }
    ],
    "databaseServers": [
      {
        "id": 0,
        "name": "ar_database",
        "driver": "sqlserver",
        "host": "172.20.20.230\\sql12",
        "schema": "AR_AUTO_OWNERv2"
      },
      {
        "id": 1,
        "name": "ofsaa_database",
        "driver": "oracle",
        "host": "172.20.20.49@ora12c",
        "schema": "SCHD1_DMP"
      },
      {
        "id": 2,
        "name": "ofsaa_database",
        "driver": "oracle",
        "host": "172.20.20.49@ora12c",
        "schema": "FR2052A"
      }
    ]
  }
]
13:57:21.974 [main] INFO  com.lombardrisk.testCase.ExportForm - set up  before method
11:02:51.532 [main] INFO  org.yiwan.webcore.util.PropHelper - server information:
[
  {
    "applicationServers": [
      {
        "id": 0,
        "name": "default",
        "url": "http://10.20.0.79:8080",
        "username": "rpadmin",
        "password": "password"
      }
    ],
    "databaseServers": [
      {
        "id": 0,
        "name": "ar_database",
        "driver": "sqlserver",
        "host": "172.20.20.230\\sql12",
        "schema": "AR_AUTO_OWNERv2"
      },
      {
        "id": 1,
        "name": "ofsaa_database",
        "driver": "oracle",
        "host": "172.20.20.49@ora12c",
        "schema": "SCHD1_DMP"
      },
      {
        "id": 2,
        "name": "ofsaa_database",
        "driver": "oracle",
        "host": "172.20.20.49@ora12c",
        "schema": "FR2052A"
      }
    ]
  },
  {
    "applicationServers": [
      {
        "id": 0,
        "name": "default",
        "url": "http://10.20.0.79:8080",
        "username": "rpadmin",
        "password": "password"
      }
    ],
    "databaseServers": [
      {
        "id": 0,
        "name": "ar_database",
        "driver": "sqlserver",
        "host": "172.20.20.230\\sql12",
        "schema": "AR_AUTO_OWNERv2"
      },
      {
        "id": 1,
        "name": "ofsaa_database",
        "driver": "oracle",
        "host": "172.20.20.49@ora12c",
        "schema": "SCHD1_DMP"
      },
      {
        "id": 2,
        "name": "ofsaa_database",
        "driver": "oracle",
        "host": "172.20.20.49@ora12c",
        "schema": "FR2052A"
      }
    ]
  },
  {
    "applicationServers": [
      {
        "id": 0,
        "name": "default",
        "url": "http://10.20.0.79:8080",
        "username": "rpadmin",
        "password": "password"
      }
    ],
    "databaseServers": [
      {
        "id": 0,
        "name": "ar_database",
        "driver": "sqlserver",
        "host": "172.20.20.230\\sql12",
        "schema": "AR_AUTO_OWNERv2"
      },
      {
        "id": 1,
        "name": "ofsaa_database",
        "driver": "oracle",
        "host": "172.20.20.49@ora12c",
        "schema": "SCHD1_DMP"
      },
      {
        "id": 2,
        "name": "ofsaa_database",
        "driver": "oracle",
        "host": "172.20.20.49@ora12c",
        "schema": "FR2052A"
      }
    ]
  },
  {
    "applicationServers": [
      {
        "id": 0,
        "name": "default",
        "url": "http://10.20.0.79:8080",
        "username": "rpadmin",
        "password": "password"
      }
    ],
    "databaseServers": [
      {
        "id": 0,
        "name": "ar_database",
        "driver": "sqlserver",
        "host": "172.20.20.230\\sql12",
        "schema": "AR_AUTO_OWNERv2"
      },
      {
        "id": 1,
        "name": "ofsaa_database",
        "driver": "oracle",
        "host": "172.20.20.49@ora12c",
        "schema": "SCHD1_DMP"
      },
      {
        "id": 2,
        "name": "ofsaa_database",
        "driver": "oracle",
        "host": "172.20.20.49@ora12c",
        "schema": "FR2052A"
      }
    ]
  },
  {
    "applicationServers": [
      {
        "id": 0,
        "name": "default",
        "url": "http://10.20.0.79:8080",
        "username": "rpadmin",
        "password": "password"
      }
    ],
    "databaseServers": [
      {
        "id": 0,
        "name": "ar_database",
        "driver": "sqlserver",
        "host": "172.20.20.230\\sql12",
        "schema": "AR_AUTO_OWNERv2"
      },
      {
        "id": 1,
        "name": "ofsaa_database",
        "driver": "oracle",
        "host": "172.20.20.49@ora12c",
        "schema": "SCHD1_DMP"
      },
      {
        "id": 2,
        "name": "ofsaa_database",
        "driver": "oracle",
        "host": "172.20.20.49@ora12c",
        "schema": "FR2052A"
      }
    ]
  }
]
11:02:51.840 [main] INFO  com.lombardrisk.testCase.ImportForm - set up  before method
11:03:53.132 [main] INFO  org.yiwan.webcore.util.PropHelper - server information:
[
  {
    "applicationServers": [
      {
        "id": 0,
        "name": "default",
        "url": "http://10.20.0.79:8080",
        "username": "rpadmin",
        "password": "password"
      }
    ],
    "databaseServers": [
      {
        "id": 0,
        "name": "ar_database",
        "driver": "sqlserver",
        "host": "172.20.20.230\\sql12",
        "schema": "AR_AUTO_OWNERv2"
      },
      {
        "id": 1,
        "name": "ofsaa_database",
        "driver": "oracle",
        "host": "172.20.20.49@ora12c",
        "schema": "SCHD1_DMP"
      },
      {
        "id": 2,
        "name": "ofsaa_database",
        "driver": "oracle",
        "host": "172.20.20.49@ora12c",
        "schema": "FR2052A"
      }
    ]
  },
  {
    "applicationServers": [
      {
        "id": 0,
        "name": "default",
        "url": "http://10.20.0.79:8080",
        "username": "rpadmin",
        "password": "password"
      }
    ],
    "databaseServers": [
      {
        "id": 0,
        "name": "ar_database",
        "driver": "sqlserver",
        "host": "172.20.20.230\\sql12",
        "schema": "AR_AUTO_OWNERv2"
      },
      {
        "id": 1,
        "name": "ofsaa_database",
        "driver": "oracle",
        "host": "172.20.20.49@ora12c",
        "schema": "SCHD1_DMP"
      },
      {
        "id": 2,
        "name": "ofsaa_database",
        "driver": "oracle",
        "host": "172.20.20.49@ora12c",
        "schema": "FR2052A"
      }
    ]
  },
  {
    "applicationServers": [
      {
        "id": 0,
        "name": "default",
        "url": "http://10.20.0.79:8080",
        "username": "rpadmin",
        "password": "password"
      }
    ],
    "databaseServers": [
      {
        "id": 0,
        "name": "ar_database",
        "driver": "sqlserver",
        "host": "172.20.20.230\\sql12",
        "schema": "AR_AUTO_OWNERv2"
      },
      {
        "id": 1,
        "name": "ofsaa_database",
        "driver": "oracle",
        "host": "172.20.20.49@ora12c",
        "schema": "SCHD1_DMP"
      },
      {
        "id": 2,
        "name": "ofsaa_database",
        "driver": "oracle",
        "host": "172.20.20.49@ora12c",
        "schema": "FR2052A"
      }
    ]
  },
  {
    "applicationServers": [
      {
        "id": 0,
        "name": "default",
        "url": "http://10.20.0.79:8080",
        "username": "rpadmin",
        "password": "password"
      }
    ],
    "databaseServers": [
      {
        "id": 0,
        "name": "ar_database",
        "driver": "sqlserver",
        "host": "172.20.20.230\\sql12",
        "schema": "AR_AUTO_OWNERv2"
      },
      {
        "id": 1,
        "name": "ofsaa_database",
        "driver": "oracle",
        "host": "172.20.20.49@ora12c",
        "schema": "SCHD1_DMP"
      },
      {
        "id": 2,
        "name": "ofsaa_database",
        "driver": "oracle",
        "host": "172.20.20.49@ora12c",
        "schema": "FR2052A"
      }
    ]
  },
  {
    "applicationServers": [
      {
        "id": 0,
        "name": "default",
        "url": "http://10.20.0.79:8080",
        "username": "rpadmin",
        "password": "password"
      }
    ],
    "databaseServers": [
      {
        "id": 0,
        "name": "ar_database",
        "driver": "sqlserver",
        "host": "172.20.20.230\\sql12",
        "schema": "AR_AUTO_OWNERv2"
      },
      {
        "id": 1,
        "name": "ofsaa_database",
        "driver": "oracle",
        "host": "172.20.20.49@ora12c",
        "schema": "SCHD1_DMP"
      },
      {
        "id": 2,
        "name": "ofsaa_database",
        "driver": "oracle",
        "host": "172.20.20.49@ora12c",
        "schema": "FR2052A"
      }
    ]
  }
]
11:03:53.406 [main] INFO  com.lombardrisk.testCase.ImportForm - set up  before method
11:05:11.726 [main] INFO  org.yiwan.webcore.util.PropHelper - server information:
[
  {
    "applicationServers": [
      {
        "id": 0,
        "name": "default",
        "url": "http://10.20.0.79:8080",
        "username": "rpadmin",
        "password": "password"
      }
    ],
    "databaseServers": [
      {
        "id": 0,
        "name": "ar_database",
        "driver": "sqlserver",
        "host": "172.20.20.230\\sql12",
        "schema": "AR_AUTO_OWNERv2"
      },
      {
        "id": 1,
        "name": "ofsaa_database",
        "driver": "oracle",
        "host": "172.20.20.49@ora12c",
        "schema": "SCHD1_DMP"
      },
      {
        "id": 2,
        "name": "ofsaa_database",
        "driver": "oracle",
        "host": "172.20.20.49@ora12c",
        "schema": "FR2052A"
      }
    ]
  },
  {
    "applicationServers": [
      {
        "id": 0,
        "name": "default",
        "url": "http://10.20.0.79:8080",
        "username": "rpadmin",
        "password": "password"
      }
    ],
    "databaseServers": [
      {
        "id": 0,
        "name": "ar_database",
        "driver": "sqlserver",
        "host": "172.20.20.230\\sql12",
        "schema": "AR_AUTO_OWNERv2"
      },
      {
        "id": 1,
        "name": "ofsaa_database",
        "driver": "oracle",
        "host": "172.20.20.49@ora12c",
        "schema": "SCHD1_DMP"
      },
      {
        "id": 2,
        "name": "ofsaa_database",
        "driver": "oracle",
        "host": "172.20.20.49@ora12c",
        "schema": "FR2052A"
      }
    ]
  },
  {
    "applicationServers": [
      {
        "id": 0,
        "name": "default",
        "url": "http://10.20.0.79:8080",
        "username": "rpadmin",
        "password": "password"
      }
    ],
    "databaseServers": [
      {
        "id": 0,
        "name": "ar_database",
        "driver": "sqlserver",
        "host": "172.20.20.230\\sql12",
        "schema": "AR_AUTO_OWNERv2"
      },
      {
        "id": 1,
        "name": "ofsaa_database",
        "driver": "oracle",
        "host": "172.20.20.49@ora12c",
        "schema": "SCHD1_DMP"
      },
      {
        "id": 2,
        "name": "ofsaa_database",
        "driver": "oracle",
        "host": "172.20.20.49@ora12c",
        "schema": "FR2052A"
      }
    ]
  },
  {
    "applicationServers": [
      {
        "id": 0,
        "name": "default",
        "url": "http://10.20.0.79:8080",
        "username": "rpadmin",
        "password": "password"
      }
    ],
    "databaseServers": [
      {
        "id": 0,
        "name": "ar_database",
        "driver": "sqlserver",
        "host": "172.20.20.230\\sql12",
        "schema": "AR_AUTO_OWNERv2"
      },
      {
        "id": 1,
        "name": "ofsaa_database",
        "driver": "oracle",
        "host": "172.20.20.49@ora12c",
        "schema": "SCHD1_DMP"
      },
      {
        "id": 2,
        "name": "ofsaa_database",
        "driver": "oracle",
        "host": "172.20.20.49@ora12c",
        "schema": "FR2052A"
      }
    ]
  },
  {
    "applicationServers": [
      {
        "id": 0,
        "name": "default",
        "url": "http://10.20.0.79:8080",
        "username": "rpadmin",
        "password": "password"
      }
    ],
    "databaseServers": [
      {
        "id": 0,
        "name": "ar_database",
        "driver": "sqlserver",
        "host": "172.20.20.230\\sql12",
        "schema": "AR_AUTO_OWNERv2"
      },
      {
        "id": 1,
        "name": "ofsaa_database",
        "driver": "oracle",
        "host": "172.20.20.49@ora12c",
        "schema": "SCHD1_DMP"
      },
      {
        "id": 2,
        "name": "ofsaa_database",
        "driver": "oracle",
        "host": "172.20.20.49@ora12c",
        "schema": "FR2052A"
      }
    ]
  }
]
11:05:12.006 [main] INFO  com.lombardrisk.testCase.ImportForm - set up  before method
11:11:54.216 [main] INFO  org.yiwan.webcore.util.PropHelper - server information:
[
  {
    "applicationServers": [
      {
        "id": 0,
        "name": "default",
        "url": "http://10.20.0.79:8080",
        "username": "rpadmin",
        "password": "password"
      }
    ],
    "databaseServers": [
      {
        "id": 0,
        "name": "ar_database",
        "driver": "sqlserver",
        "host": "172.20.20.230\\sql12",
        "schema": "AR_AUTO_OWNERv2"
      },
      {
        "id": 1,
        "name": "ofsaa_database",
        "driver": "oracle",
        "host": "172.20.20.49@ora12c",
        "schema": "SCHD1_DMP"
      },
      {
        "id": 2,
        "name": "ofsaa_database",
        "driver": "oracle",
        "host": "172.20.20.49@ora12c",
        "schema": "FR2052A"
      }
    ]
  },
  {
    "applicationServers": [
      {
        "id": 0,
        "name": "default",
        "url": "http://10.20.0.79:8080",
        "username": "rpadmin",
        "password": "password"
      }
    ],
    "databaseServers": [
      {
        "id": 0,
        "name": "ar_database",
        "driver": "sqlserver",
        "host": "172.20.20.230\\sql12",
        "schema": "AR_AUTO_OWNERv2"
      },
      {
        "id": 1,
        "name": "ofsaa_database",
        "driver": "oracle",
        "host": "172.20.20.49@ora12c",
        "schema": "SCHD1_DMP"
      },
      {
        "id": 2,
        "name": "ofsaa_database",
        "driver": "oracle",
        "host": "172.20.20.49@ora12c",
        "schema": "FR2052A"
      }
    ]
  },
  {
    "applicationServers": [
      {
        "id": 0,
        "name": "default",
        "url": "http://10.20.0.79:8080",
        "username": "rpadmin",
        "password": "password"
      }
    ],
    "databaseServers": [
      {
        "id": 0,
        "name": "ar_database",
        "driver": "sqlserver",
        "host": "172.20.20.230\\sql12",
        "schema": "AR_AUTO_OWNERv2"
      },
      {
        "id": 1,
        "name": "ofsaa_database",
        "driver": "oracle",
        "host": "172.20.20.49@ora12c",
        "schema": "SCHD1_DMP"
      },
      {
        "id": 2,
        "name": "ofsaa_database",
        "driver": "oracle",
        "host": "172.20.20.49@ora12c",
        "schema": "FR2052A"
      }
    ]
  },
  {
    "applicationServers": [
      {
        "id": 0,
        "name": "default",
        "url": "http://10.20.0.79:8080",
        "username": "rpadmin",
        "password": "password"
      }
    ],
    "databaseServers": [
      {
        "id": 0,
        "name": "ar_database",
        "driver": "sqlserver",
        "host": "172.20.20.230\\sql12",
        "schema": "AR_AUTO_OWNERv2"
      },
      {
        "id": 1,
        "name": "ofsaa_database",
        "driver": "oracle",
        "host": "172.20.20.49@ora12c",
        "schema": "SCHD1_DMP"
      },
      {
        "id": 2,
        "name": "ofsaa_database",
        "driver": "oracle",
        "host": "172.20.20.49@ora12c",
        "schema": "FR2052A"
      }
    ]
  },
  {
    "applicationServers": [
      {
        "id": 0,
        "name": "default",
        "url": "http://10.20.0.79:8080",
        "username": "rpadmin",
        "password": "password"
      }
    ],
    "databaseServers": [
      {
        "id": 0,
        "name": "ar_database",
        "driver": "sqlserver",
        "host": "172.20.20.230\\sql12",
        "schema": "AR_AUTO_OWNERv2"
      },
      {
        "id": 1,
        "name": "ofsaa_database",
        "driver": "oracle",
        "host": "172.20.20.49@ora12c",
        "schema": "SCHD1_DMP"
      },
      {
        "id": 2,
        "name": "ofsaa_database",
        "driver": "oracle",
        "host": "172.20.20.49@ora12c",
        "schema": "FR2052A"
      }
    ]
  }
]
11:11:54.460 [main] INFO  com.lombardrisk.testCase.ImportForm - set up  before method
11:12:32.600 [main] INFO  org.yiwan.webcore.util.PropHelper - server information:
[
  {
    "applicationServers": [
      {
        "id": 0,
        "name": "default",
        "url": "http://10.20.0.79:8080",
        "username": "rpadmin",
        "password": "password"
      }
    ],
    "databaseServers": [
      {
        "id": 0,
        "name": "ar_database",
        "driver": "sqlserver",
        "host": "172.20.20.230\\sql12",
        "schema": "AR_AUTO_OWNERv2"
      },
      {
        "id": 1,
        "name": "ofsaa_database",
        "driver": "oracle",
        "host": "172.20.20.49@ora12c",
        "schema": "SCHD1_DMP"
      },
      {
        "id": 2,
        "name": "ofsaa_database",
        "driver": "oracle",
        "host": "172.20.20.49@ora12c",
        "schema": "FR2052A"
      }
    ]
  },
  {
    "applicationServers": [
      {
        "id": 0,
        "name": "default",
        "url": "http://10.20.0.79:8080",
        "username": "rpadmin",
        "password": "password"
      }
    ],
    "databaseServers": [
      {
        "id": 0,
        "name": "ar_database",
        "driver": "sqlserver",
        "host": "172.20.20.230\\sql12",
        "schema": "AR_AUTO_OWNERv2"
      },
      {
        "id": 1,
        "name": "ofsaa_database",
        "driver": "oracle",
        "host": "172.20.20.49@ora12c",
        "schema": "SCHD1_DMP"
      },
      {
        "id": 2,
        "name": "ofsaa_database",
        "driver": "oracle",
        "host": "172.20.20.49@ora12c",
        "schema": "FR2052A"
      }
    ]
  },
  {
    "applicationServers": [
      {
        "id": 0,
        "name": "default",
        "url": "http://10.20.0.79:8080",
        "username": "rpadmin",
        "password": "password"
      }
    ],
    "databaseServers": [
      {
        "id": 0,
        "name": "ar_database",
        "driver": "sqlserver",
        "host": "172.20.20.230\\sql12",
        "schema": "AR_AUTO_OWNERv2"
      },
      {
        "id": 1,
        "name": "ofsaa_database",
        "driver": "oracle",
        "host": "172.20.20.49@ora12c",
        "schema": "SCHD1_DMP"
      },
      {
        "id": 2,
        "name": "ofsaa_database",
        "driver": "oracle",
        "host": "172.20.20.49@ora12c",
        "schema": "FR2052A"
      }
    ]
  },
  {
    "applicationServers": [
      {
        "id": 0,
        "name": "default",
        "url": "http://10.20.0.79:8080",
        "username": "rpadmin",
        "password": "password"
      }
    ],
    "databaseServers": [
      {
        "id": 0,
        "name": "ar_database",
        "driver": "sqlserver",
        "host": "172.20.20.230\\sql12",
        "schema": "AR_AUTO_OWNERv2"
      },
      {
        "id": 1,
        "name": "ofsaa_database",
        "driver": "oracle",
        "host": "172.20.20.49@ora12c",
        "schema": "SCHD1_DMP"
      },
      {
        "id": 2,
        "name": "ofsaa_database",
        "driver": "oracle",
        "host": "172.20.20.49@ora12c",
        "schema": "FR2052A"
      }
    ]
  },
  {
    "applicationServers": [
      {
        "id": 0,
        "name": "default",
        "url": "http://10.20.0.79:8080",
        "username": "rpadmin",
        "password": "password"
      }
    ],
    "databaseServers": [
      {
        "id": 0,
        "name": "ar_database",
        "driver": "sqlserver",
        "host": "172.20.20.230\\sql12",
        "schema": "AR_AUTO_OWNERv2"
      },
      {
        "id": 1,
        "name": "ofsaa_database",
        "driver": "oracle",
        "host": "172.20.20.49@ora12c",
        "schema": "SCHD1_DMP"
      },
      {
        "id": 2,
        "name": "ofsaa_database",
        "driver": "oracle",
        "host": "172.20.20.49@ora12c",
        "schema": "FR2052A"
      }
    ]
  }
]
11:12:32.892 [main] INFO  com.lombardrisk.testCase.ImportForm - set up  before method
13:07:21.808 [main] INFO  org.yiwan.webcore.util.PropHelper - server information:
[
  {
    "applicationServers": [
      {
        "id": 0,
        "name": "default",
        "url": "http://10.20.0.79:8080",
        "username": "rpadmin",
        "password": "password"
      }
    ],
    "databaseServers": [
      {
        "id": 0,
        "name": "ar_database",
        "driver": "sqlserver",
        "host": "172.20.20.230\\sql12",
        "schema": "AR_AUTO_OWNERv2"
      },
      {
        "id": 1,
        "name": "ofsaa_database",
        "driver": "oracle",
        "host": "172.20.20.49@ora12c",
        "schema": "SCHD1_DMP"
      },
      {
        "id": 2,
        "name": "ofsaa_database",
        "driver": "oracle",
        "host": "172.20.20.49@ora12c",
        "schema": "FR2052A"
      }
    ]
  },
  {
    "applicationServers": [
      {
        "id": 0,
        "name": "default",
        "url": "http://10.20.0.79:8080",
        "username": "rpadmin",
        "password": "password"
      }
    ],
    "databaseServers": [
      {
        "id": 0,
        "name": "ar_database",
        "driver": "sqlserver",
        "host": "172.20.20.230\\sql12",
        "schema": "AR_AUTO_OWNERv2"
      },
      {
        "id": 1,
        "name": "ofsaa_database",
        "driver": "oracle",
        "host": "172.20.20.49@ora12c",
        "schema": "SCHD1_DMP"
      },
      {
        "id": 2,
        "name": "ofsaa_database",
        "driver": "oracle",
        "host": "172.20.20.49@ora12c",
        "schema": "FR2052A"
      }
    ]
  },
  {
    "applicationServers": [
      {
        "id": 0,
        "name": "default",
        "url": "http://10.20.0.79:8080",
        "username": "rpadmin",
        "password": "password"
      }
    ],
    "databaseServers": [
      {
        "id": 0,
        "name": "ar_database",
        "driver": "sqlserver",
        "host": "172.20.20.230\\sql12",
        "schema": "AR_AUTO_OWNERv2"
      },
      {
        "id": 1,
        "name": "ofsaa_database",
        "driver": "oracle",
        "host": "172.20.20.49@ora12c",
        "schema": "SCHD1_DMP"
      },
      {
        "id": 2,
        "name": "ofsaa_database",
        "driver": "oracle",
        "host": "172.20.20.49@ora12c",
        "schema": "FR2052A"
      }
    ]
  },
  {
    "applicationServers": [
      {
        "id": 0,
        "name": "default",
        "url": "http://10.20.0.79:8080",
        "username": "rpadmin",
        "password": "password"
      }
    ],
    "databaseServers": [
      {
        "id": 0,
        "name": "ar_database",
        "driver": "sqlserver",
        "host": "172.20.20.230\\sql12",
        "schema": "AR_AUTO_OWNERv2"
      },
      {
        "id": 1,
        "name": "ofsaa_database",
        "driver": "oracle",
        "host": "172.20.20.49@ora12c",
        "schema": "SCHD1_DMP"
      },
      {
        "id": 2,
        "name": "ofsaa_database",
        "driver": "oracle",
        "host": "172.20.20.49@ora12c",
        "schema": "FR2052A"
      }
    ]
  },
  {
    "applicationServers": [
      {
        "id": 0,
        "name": "default",
        "url": "http://10.20.0.79:8080",
        "username": "rpadmin",
        "password": "password"
      }
    ],
    "databaseServers": [
      {
        "id": 0,
        "name": "ar_database",
        "driver": "sqlserver",
        "host": "172.20.20.230\\sql12",
        "schema": "AR_AUTO_OWNERv2"
      },
      {
        "id": 1,
        "name": "ofsaa_database",
        "driver": "oracle",
        "host": "172.20.20.49@ora12c",
        "schema": "SCHD1_DMP"
      },
      {
        "id": 2,
        "name": "ofsaa_database",
        "driver": "oracle",
        "host": "172.20.20.49@ora12c",
        "schema": "FR2052A"
      }
    ]
  }
]
13:07:22.085 [main] INFO  com.lombardrisk.testCase.ImportForm - set up  before method
13:09:40.658 [main] INFO  org.yiwan.webcore.util.PropHelper - server information:
[
  {
    "applicationServers": [
      {
        "id": 0,
        "name": "default",
        "url": "http://10.20.0.79:8080",
        "username": "rpadmin",
        "password": "password"
      }
    ],
    "databaseServers": [
      {
        "id": 0,
        "name": "ar_database",
        "driver": "sqlserver",
        "host": "172.20.20.230\\sql12",
        "schema": "AR_AUTO_OWNERv2"
      },
      {
        "id": 1,
        "name": "ofsaa_database",
        "driver": "oracle",
        "host": "172.20.20.49@ora12c",
        "schema": "SCHD1_DMP"
      },
      {
        "id": 2,
        "name": "ofsaa_database",
        "driver": "oracle",
        "host": "172.20.20.49@ora12c",
        "schema": "FR2052A"
      }
    ]
  },
  {
    "applicationServers": [
      {
        "id": 0,
        "name": "default",
        "url": "http://10.20.0.79:8080",
        "username": "rpadmin",
        "password": "password"
      }
    ],
    "databaseServers": [
      {
        "id": 0,
        "name": "ar_database",
        "driver": "sqlserver",
        "host": "172.20.20.230\\sql12",
        "schema": "AR_AUTO_OWNERv2"
      },
      {
        "id": 1,
        "name": "ofsaa_database",
        "driver": "oracle",
        "host": "172.20.20.49@ora12c",
        "schema": "SCHD1_DMP"
      },
      {
        "id": 2,
        "name": "ofsaa_database",
        "driver": "oracle",
        "host": "172.20.20.49@ora12c",
        "schema": "FR2052A"
      }
    ]
  },
  {
    "applicationServers": [
      {
        "id": 0,
        "name": "default",
        "url": "http://10.20.0.79:8080",
        "username": "rpadmin",
        "password": "password"
      }
    ],
    "databaseServers": [
      {
        "id": 0,
        "name": "ar_database",
        "driver": "sqlserver",
        "host": "172.20.20.230\\sql12",
        "schema": "AR_AUTO_OWNERv2"
      },
      {
        "id": 1,
        "name": "ofsaa_database",
        "driver": "oracle",
        "host": "172.20.20.49@ora12c",
        "schema": "SCHD1_DMP"
      },
      {
        "id": 2,
        "name": "ofsaa_database",
        "driver": "oracle",
        "host": "172.20.20.49@ora12c",
        "schema": "FR2052A"
      }
    ]
  },
  {
    "applicationServers": [
      {
        "id": 0,
        "name": "default",
        "url": "http://10.20.0.79:8080",
        "username": "rpadmin",
        "password": "password"
      }
    ],
    "databaseServers": [
      {
        "id": 0,
        "name": "ar_database",
        "driver": "sqlserver",
        "host": "172.20.20.230\\sql12",
        "schema": "AR_AUTO_OWNERv2"
      },
      {
        "id": 1,
        "name": "ofsaa_database",
        "driver": "oracle",
        "host": "172.20.20.49@ora12c",
        "schema": "SCHD1_DMP"
      },
      {
        "id": 2,
        "name": "ofsaa_database",
        "driver": "oracle",
        "host": "172.20.20.49@ora12c",
        "schema": "FR2052A"
      }
    ]
  },
  {
    "applicationServers": [
      {
        "id": 0,
        "name": "default",
        "url": "http://10.20.0.79:8080",
        "username": "rpadmin",
        "password": "password"
      }
    ],
    "databaseServers": [
      {
        "id": 0,
        "name": "ar_database",
        "driver": "sqlserver",
        "host": "172.20.20.230\\sql12",
        "schema": "AR_AUTO_OWNERv2"
      },
      {
        "id": 1,
        "name": "ofsaa_database",
        "driver": "oracle",
        "host": "172.20.20.49@ora12c",
        "schema": "SCHD1_DMP"
      },
      {
        "id": 2,
        "name": "ofsaa_database",
        "driver": "oracle",
        "host": "172.20.20.49@ora12c",
        "schema": "FR2052A"
      }
    ]
  }
]
13:09:40.916 [main] INFO  com.lombardrisk.testCase.ImportForm - set up  before method
13:14:07.771 [main] INFO  org.yiwan.webcore.util.PropHelper - server information:
[
  {
    "applicationServers": [
      {
        "id": 0,
        "name": "default",
        "url": "http://10.20.0.79:8080",
        "username": "rpadmin",
        "password": "password"
      }
    ],
    "databaseServers": [
      {
        "id": 0,
        "name": "ar_database",
        "driver": "sqlserver",
        "host": "172.20.20.230\\sql12",
        "schema": "AR_AUTO_OWNERv2"
      },
      {
        "id": 1,
        "name": "ofsaa_database",
        "driver": "oracle",
        "host": "172.20.20.49@ora12c",
        "schema": "SCHD1_DMP"
      },
      {
        "id": 2,
        "name": "ofsaa_database",
        "driver": "oracle",
        "host": "172.20.20.49@ora12c",
        "schema": "FR2052A"
      }
    ]
  },
  {
    "applicationServers": [
      {
        "id": 0,
        "name": "default",
        "url": "http://10.20.0.79:8080",
        "username": "rpadmin",
        "password": "password"
      }
    ],
    "databaseServers": [
      {
        "id": 0,
        "name": "ar_database",
        "driver": "sqlserver",
        "host": "172.20.20.230\\sql12",
        "schema": "AR_AUTO_OWNERv2"
      },
      {
        "id": 1,
        "name": "ofsaa_database",
        "driver": "oracle",
        "host": "172.20.20.49@ora12c",
        "schema": "SCHD1_DMP"
      },
      {
        "id": 2,
        "name": "ofsaa_database",
        "driver": "oracle",
        "host": "172.20.20.49@ora12c",
        "schema": "FR2052A"
      }
    ]
  },
  {
    "applicationServers": [
      {
        "id": 0,
        "name": "default",
        "url": "http://10.20.0.79:8080",
        "username": "rpadmin",
        "password": "password"
      }
    ],
    "databaseServers": [
      {
        "id": 0,
        "name": "ar_database",
        "driver": "sqlserver",
        "host": "172.20.20.230\\sql12",
        "schema": "AR_AUTO_OWNERv2"
      },
      {
        "id": 1,
        "name": "ofsaa_database",
        "driver": "oracle",
        "host": "172.20.20.49@ora12c",
        "schema": "SCHD1_DMP"
      },
      {
        "id": 2,
        "name": "ofsaa_database",
        "driver": "oracle",
        "host": "172.20.20.49@ora12c",
        "schema": "FR2052A"
      }
    ]
  },
  {
    "applicationServers": [
      {
        "id": 0,
        "name": "default",
        "url": "http://10.20.0.79:8080",
        "username": "rpadmin",
        "password": "password"
      }
    ],
    "databaseServers": [
      {
        "id": 0,
        "name": "ar_database",
        "driver": "sqlserver",
        "host": "172.20.20.230\\sql12",
        "schema": "AR_AUTO_OWNERv2"
      },
      {
        "id": 1,
        "name": "ofsaa_database",
        "driver": "oracle",
        "host": "172.20.20.49@ora12c",
        "schema": "SCHD1_DMP"
      },
      {
        "id": 2,
        "name": "ofsaa_database",
        "driver": "oracle",
        "host": "172.20.20.49@ora12c",
        "schema": "FR2052A"
      }
    ]
  },
  {
    "applicationServers": [
      {
        "id": 0,
        "name": "default",
        "url": "http://10.20.0.79:8080",
        "username": "rpadmin",
        "password": "password"
      }
    ],
    "databaseServers": [
      {
        "id": 0,
        "name": "ar_database",
        "driver": "sqlserver",
        "host": "172.20.20.230\\sql12",
        "schema": "AR_AUTO_OWNERv2"
      },
      {
        "id": 1,
        "name": "ofsaa_database",
        "driver": "oracle",
        "host": "172.20.20.49@ora12c",
        "schema": "SCHD1_DMP"
      },
      {
        "id": 2,
        "name": "ofsaa_database",
        "driver": "oracle",
        "host": "172.20.20.49@ora12c",
        "schema": "FR2052A"
      }
    ]
  }
]
13:14:08.055 [main] INFO  com.lombardrisk.testCase.ImportForm - set up  before method
13:16:21.663 [main] INFO  org.yiwan.webcore.util.PropHelper - server information:
[
  {
    "applicationServers": [
      {
        "id": 0,
        "name": "default",
        "url": "http://10.20.0.79:8080",
        "username": "rpadmin",
        "password": "password"
      }
    ],
    "databaseServers": [
      {
        "id": 0,
        "name": "ar_database",
        "driver": "sqlserver",
        "host": "172.20.20.230\\sql12",
        "schema": "AR_AUTO_OWNERv2"
      },
      {
        "id": 1,
        "name": "ofsaa_database",
        "driver": "oracle",
        "host": "172.20.20.49@ora12c",
        "schema": "SCHD1_DMP"
      },
      {
        "id": 2,
        "name": "ofsaa_database",
        "driver": "oracle",
        "host": "172.20.20.49@ora12c",
        "schema": "FR2052A"
      }
    ]
  },
  {
    "applicationServers": [
      {
        "id": 0,
        "name": "default",
        "url": "http://10.20.0.79:8080",
        "username": "rpadmin",
        "password": "password"
      }
    ],
    "databaseServers": [
      {
        "id": 0,
        "name": "ar_database",
        "driver": "sqlserver",
        "host": "172.20.20.230\\sql12",
        "schema": "AR_AUTO_OWNERv2"
      },
      {
        "id": 1,
        "name": "ofsaa_database",
        "driver": "oracle",
        "host": "172.20.20.49@ora12c",
        "schema": "SCHD1_DMP"
      },
      {
        "id": 2,
        "name": "ofsaa_database",
        "driver": "oracle",
        "host": "172.20.20.49@ora12c",
        "schema": "FR2052A"
      }
    ]
  },
  {
    "applicationServers": [
      {
        "id": 0,
        "name": "default",
        "url": "http://10.20.0.79:8080",
        "username": "rpadmin",
        "password": "password"
      }
    ],
    "databaseServers": [
      {
        "id": 0,
        "name": "ar_database",
        "driver": "sqlserver",
        "host": "172.20.20.230\\sql12",
        "schema": "AR_AUTO_OWNERv2"
      },
      {
        "id": 1,
        "name": "ofsaa_database",
        "driver": "oracle",
        "host": "172.20.20.49@ora12c",
        "schema": "SCHD1_DMP"
      },
      {
        "id": 2,
        "name": "ofsaa_database",
        "driver": "oracle",
        "host": "172.20.20.49@ora12c",
        "schema": "FR2052A"
      }
    ]
  },
  {
    "applicationServers": [
      {
        "id": 0,
        "name": "default",
        "url": "http://10.20.0.79:8080",
        "username": "rpadmin",
        "password": "password"
      }
    ],
    "databaseServers": [
      {
        "id": 0,
        "name": "ar_database",
        "driver": "sqlserver",
        "host": "172.20.20.230\\sql12",
        "schema": "AR_AUTO_OWNERv2"
      },
      {
        "id": 1,
        "name": "ofsaa_database",
        "driver": "oracle",
        "host": "172.20.20.49@ora12c",
        "schema": "SCHD1_DMP"
      },
      {
        "id": 2,
        "name": "ofsaa_database",
        "driver": "oracle",
        "host": "172.20.20.49@ora12c",
        "schema": "FR2052A"
      }
    ]
  },
  {
    "applicationServers": [
      {
        "id": 0,
        "name": "default",
        "url": "http://10.20.0.79:8080",
        "username": "rpadmin",
        "password": "password"
      }
    ],
    "databaseServers": [
      {
        "id": 0,
        "name": "ar_database",
        "driver": "sqlserver",
        "host": "172.20.20.230\\sql12",
        "schema": "AR_AUTO_OWNERv2"
      },
      {
        "id": 1,
        "name": "ofsaa_database",
        "driver": "oracle",
        "host": "172.20.20.49@ora12c",
        "schema": "SCHD1_DMP"
      },
      {
        "id": 2,
        "name": "ofsaa_database",
        "driver": "oracle",
        "host": "172.20.20.49@ora12c",
        "schema": "FR2052A"
      }
    ]
  }
]
13:16:21.955 [main] INFO  com.lombardrisk.testCase.ImportForm - set up  before method
13:22:11.900 [main] INFO  org.yiwan.webcore.util.PropHelper - server information:
[
  {
    "applicationServers": [
      {
        "id": 0,
        "name": "default",
        "url": "http://10.20.0.79:8080",
        "username": "rpadmin",
        "password": "password"
      }
    ],
    "databaseServers": [
      {
        "id": 0,
        "name": "ar_database",
        "driver": "sqlserver",
        "host": "172.20.20.230\\sql12",
        "schema": "AR_AUTO_OWNERv2"
      },
      {
        "id": 1,
        "name": "ofsaa_database",
        "driver": "oracle",
        "host": "172.20.20.49@ora12c",
        "schema": "SCHD1_DMP"
      },
      {
        "id": 2,
        "name": "ofsaa_database",
        "driver": "oracle",
        "host": "172.20.20.49@ora12c",
        "schema": "FR2052A"
      }
    ]
  },
  {
    "applicationServers": [
      {
        "id": 0,
        "name": "default",
        "url": "http://10.20.0.79:8080",
        "username": "rpadmin",
        "password": "password"
      }
    ],
    "databaseServers": [
      {
        "id": 0,
        "name": "ar_database",
        "driver": "sqlserver",
        "host": "172.20.20.230\\sql12",
        "schema": "AR_AUTO_OWNERv2"
      },
      {
        "id": 1,
        "name": "ofsaa_database",
        "driver": "oracle",
        "host": "172.20.20.49@ora12c",
        "schema": "SCHD1_DMP"
      },
      {
        "id": 2,
        "name": "ofsaa_database",
        "driver": "oracle",
        "host": "172.20.20.49@ora12c",
        "schema": "FR2052A"
      }
    ]
  },
  {
    "applicationServers": [
      {
        "id": 0,
        "name": "default",
        "url": "http://10.20.0.79:8080",
        "username": "rpadmin",
        "password": "password"
      }
    ],
    "databaseServers": [
      {
        "id": 0,
        "name": "ar_database",
        "driver": "sqlserver",
        "host": "172.20.20.230\\sql12",
        "schema": "AR_AUTO_OWNERv2"
      },
      {
        "id": 1,
        "name": "ofsaa_database",
        "driver": "oracle",
        "host": "172.20.20.49@ora12c",
        "schema": "SCHD1_DMP"
      },
      {
        "id": 2,
        "name": "ofsaa_database",
        "driver": "oracle",
        "host": "172.20.20.49@ora12c",
        "schema": "FR2052A"
      }
    ]
  },
  {
    "applicationServers": [
      {
        "id": 0,
        "name": "default",
        "url": "http://10.20.0.79:8080",
        "username": "rpadmin",
        "password": "password"
      }
    ],
    "databaseServers": [
      {
        "id": 0,
        "name": "ar_database",
        "driver": "sqlserver",
        "host": "172.20.20.230\\sql12",
        "schema": "AR_AUTO_OWNERv2"
      },
      {
        "id": 1,
        "name": "ofsaa_database",
        "driver": "oracle",
        "host": "172.20.20.49@ora12c",
        "schema": "SCHD1_DMP"
      },
      {
        "id": 2,
        "name": "ofsaa_database",
        "driver": "oracle",
        "host": "172.20.20.49@ora12c",
        "schema": "FR2052A"
      }
    ]
  },
  {
    "applicationServers": [
      {
        "id": 0,
        "name": "default",
        "url": "http://10.20.0.79:8080",
        "username": "rpadmin",
        "password": "password"
      }
    ],
    "databaseServers": [
      {
        "id": 0,
        "name": "ar_database",
        "driver": "sqlserver",
        "host": "172.20.20.230\\sql12",
        "schema": "AR_AUTO_OWNERv2"
      },
      {
        "id": 1,
        "name": "ofsaa_database",
        "driver": "oracle",
        "host": "172.20.20.49@ora12c",
        "schema": "SCHD1_DMP"
      },
      {
        "id": 2,
        "name": "ofsaa_database",
        "driver": "oracle",
        "host": "172.20.20.49@ora12c",
        "schema": "FR2052A"
      }
    ]
  }
]
13:22:12.322 [main] INFO  com.lombardrisk.testCase.ImportForm - set up  before method
13:29:01.607 [main] INFO  org.yiwan.webcore.util.PropHelper - server information:
[
  {
    "applicationServers": [
      {
        "id": 0,
        "name": "default",
        "url": "http://10.20.0.79:8080",
        "username": "rpadmin",
        "password": "password"
      }
    ],
    "databaseServers": [
      {
        "id": 0,
        "name": "ar_database",
        "driver": "sqlserver",
        "host": "172.20.20.230\\sql12",
        "schema": "AR_AUTO_OWNERv2"
      },
      {
        "id": 1,
        "name": "ofsaa_database",
        "driver": "oracle",
        "host": "172.20.20.49@ora12c",
        "schema": "SCHD1_DMP"
      },
      {
        "id": 2,
        "name": "ofsaa_database",
        "driver": "oracle",
        "host": "172.20.20.49@ora12c",
        "schema": "FR2052A"
      }
    ]
  },
  {
    "applicationServers": [
      {
        "id": 0,
        "name": "default",
        "url": "http://10.20.0.79:8080",
        "username": "rpadmin",
        "password": "password"
      }
    ],
    "databaseServers": [
      {
        "id": 0,
        "name": "ar_database",
        "driver": "sqlserver",
        "host": "172.20.20.230\\sql12",
        "schema": "AR_AUTO_OWNERv2"
      },
      {
        "id": 1,
        "name": "ofsaa_database",
        "driver": "oracle",
        "host": "172.20.20.49@ora12c",
        "schema": "SCHD1_DMP"
      },
      {
        "id": 2,
        "name": "ofsaa_database",
        "driver": "oracle",
        "host": "172.20.20.49@ora12c",
        "schema": "FR2052A"
      }
    ]
  },
  {
    "applicationServers": [
      {
        "id": 0,
        "name": "default",
        "url": "http://10.20.0.79:8080",
        "username": "rpadmin",
        "password": "password"
      }
    ],
    "databaseServers": [
      {
        "id": 0,
        "name": "ar_database",
        "driver": "sqlserver",
        "host": "172.20.20.230\\sql12",
        "schema": "AR_AUTO_OWNERv2"
      },
      {
        "id": 1,
        "name": "ofsaa_database",
        "driver": "oracle",
        "host": "172.20.20.49@ora12c",
        "schema": "SCHD1_DMP"
      },
      {
        "id": 2,
        "name": "ofsaa_database",
        "driver": "oracle",
        "host": "172.20.20.49@ora12c",
        "schema": "FR2052A"
      }
    ]
  },
  {
    "applicationServers": [
      {
        "id": 0,
        "name": "default",
        "url": "http://10.20.0.79:8080",
        "username": "rpadmin",
        "password": "password"
      }
    ],
    "databaseServers": [
      {
        "id": 0,
        "name": "ar_database",
        "driver": "sqlserver",
        "host": "172.20.20.230\\sql12",
        "schema": "AR_AUTO_OWNERv2"
      },
      {
        "id": 1,
        "name": "ofsaa_database",
        "driver": "oracle",
        "host": "172.20.20.49@ora12c",
        "schema": "SCHD1_DMP"
      },
      {
        "id": 2,
        "name": "ofsaa_database",
        "driver": "oracle",
        "host": "172.20.20.49@ora12c",
        "schema": "FR2052A"
      }
    ]
  },
  {
    "applicationServers": [
      {
        "id": 0,
        "name": "default",
        "url": "http://10.20.0.79:8080",
        "username": "rpadmin",
        "password": "password"
      }
    ],
    "databaseServers": [
      {
        "id": 0,
        "name": "ar_database",
        "driver": "sqlserver",
        "host": "172.20.20.230\\sql12",
        "schema": "AR_AUTO_OWNERv2"
      },
      {
        "id": 1,
        "name": "ofsaa_database",
        "driver": "oracle",
        "host": "172.20.20.49@ora12c",
        "schema": "SCHD1_DMP"
      },
      {
        "id": 2,
        "name": "ofsaa_database",
        "driver": "oracle",
        "host": "172.20.20.49@ora12c",
        "schema": "FR2052A"
      }
    ]
  }
]
13:29:01.869 [main] INFO  com.lombardrisk.testCase.ImportForm - set up  before method
