2017-08-04T19:52:49+0800	---------------Start----------------
2017-08-04T19:52:49+0800	Exported file is:F:\Automation\arauto\arsel/target/result/data/download/00e9749e10ac4200adb39b17d58440b6.xlsx
2017-08-04T19:52:49+0800	TestData file is:F:\Automation\arauto\arsel\target\TestResult\20170804\CheckRule\TestData\Val_TESTPRODUCT_CAGSv4.xlsx
2017-08-04T19:52:49+0800	Verify row:2
2017-08-04T19:52:49+0800	Validation12 validation  result is:Fail
2017-08-04T19:52:49+0800	Verify row:3
2017-08-04T19:52:49+0800	Validation12 validation  result is:Pass
2017-08-04T19:52:50+0800	Verify row:4
2017-08-04T19:52:50+0800	Validation12 validation  result is:Pass
2017-08-04T19:52:50+0800	Verify row:5
2017-08-04T19:52:50+0800	Validation12 validation  result is:Pass
2017-08-04T19:52:50+0800	Verify row:6
2017-08-04T19:52:50+0800	Validation12 validation  result is:Fail
2017-08-04T19:52:50+0800	Verify row:7
2017-08-04T19:52:50+0800	Validation12 validation  result is:Fail
2017-08-04T19:52:50+0800	Verify row:8
2017-08-04T19:52:50+0800	Validation13 validation  result is:Pass
2017-08-04T19:52:50+0800	Verify row:9
2017-08-04T19:52:50+0800	Validation13 validation  result is:Pass
2017-08-04T19:52:50+0800	Verify row:10
2017-08-04T19:52:50+0800	Validation13 validation  result is:Pass
2017-08-04T19:52:50+0800	Verify row:11
2017-08-04T19:52:50+0800	Validation13 validation  result is:Pass
2017-08-04T19:52:50+0800	Verify row:12
2017-08-04T19:52:50+0800	Validation13 validation  result is:Pass
2017-08-04T19:52:50+0800	Verify row:13
2017-08-04T19:52:50+0800	Validation13 validation  result is:Pass
2017-08-04T19:52:50+0800	Verify row:14
2017-08-04T19:52:50+0800	Validation14 validation  result is:Error
2017-08-04T19:52:50+0800	Verify row:15
2017-08-04T19:52:50+0800	Validation14 validation  result is:Pass
2017-08-04T19:52:50+0800	Verify row:16
2017-08-04T19:52:50+0800	Validation14 validation  result is:Pass
2017-08-04T19:52:50+0800	Verify row:17
2017-08-04T19:52:50+0800	Validation14 validation  result is:Pass
2017-08-04T19:52:50+0800	Verify row:18
2017-08-04T19:52:50+0800	Validation14 validation  result is:Error
2017-08-04T19:52:50+0800	Verify row:19
2017-08-04T19:52:50+0800	Validation14 validation  result is:Error
2017-08-04T19:52:50+0800	Verify row:20
2017-08-04T19:52:50+0800	Validation15 validation  result is:Ignored
2017-08-04T19:52:50+0800	Verify row:21
2017-08-04T19:52:50+0800	Validation15 validation  result is:Pass
2017-08-04T19:52:50+0800	Verify row:22
2017-08-04T19:52:50+0800	Validation15 validation  result is:Pass
2017-08-04T19:52:50+0800	Verify row:23
2017-08-04T19:52:50+0800	Validation15 validation  result is:Pass
2017-08-04T19:52:50+0800	Verify row:24
2017-08-04T19:52:50+0800	Validation15 validation  result is:Ignored
2017-08-04T19:52:50+0800	Verify row:25
2017-08-04T19:52:50+0800	Validation15 validation  result is:Ignored
2017-08-04T19:52:50+0800	Verify row:26
2017-08-04T19:52:50+0800	Validation16 validation  result is:Ignored
2017-08-04T19:52:50+0800	Verify row:27
2017-08-04T19:52:50+0800	Validation16 validation  result is:Ignored
2017-08-04T19:52:50+0800	Verify row:28
2017-08-04T19:52:50+0800	Validation16 validation  result is:Ignored
2017-08-04T19:52:50+0800	Verify row:29
2017-08-04T19:52:50+0800	Validation16 validation  result is:Ignored
2017-08-04T19:52:50+0800	Verify row:30
2017-08-04T19:52:50+0800	Validation16 validation  result is:Ignored
2017-08-04T19:52:50+0800	Verify row:31
2017-08-04T19:52:50+0800	Validation16 validation  result is:Ignored
2017-08-04T19:52:50+0800	Verify row:32
2017-08-04T19:52:50+0800	Validation17 validation  result is:Ignored
2017-08-04T19:52:50+0800	Verify row:33
2017-08-04T19:52:50+0800	Validation17 validation  result is:Ignored
2017-08-04T19:52:50+0800	Verify row:34
2017-08-04T19:52:50+0800	Validation17 validation  result is:Pass
2017-08-04T19:52:50+0800	Verify row:35
2017-08-04T19:52:50+0800	Validation17 validation  result is:Pass
2017-08-04T19:52:50+0800	Verify row:36
2017-08-04T19:52:50+0800	Validation17 validation  result is:Pass
2017-08-04T19:52:50+0800	Verify row:37
2017-08-04T19:52:50+0800	Validation17 validation  result is:Ignored
2017-08-04T19:52:50+0800	Verify row:38
2017-08-04T19:52:50+0800	Validation17 validation  result is:Ignored
2017-08-04T19:52:50+0800	Complate....
2017-08-04T19:52:50+0800	---------------End----------------
2017-08-04T19:53:32+0800	---------------Start----------------
2017-08-04T19:53:32+0800	Exported file is:F:\Automation\arauto\arsel/target/result/data/download/c495221e1f564cadba5f00f25b967b82.xlsx
2017-08-04T19:53:32+0800	TestData file is:F:\Automation\arauto\arsel\target\TestResult\20170804\CheckRule\TestData\Val_TESTPRODUCT_FSA001v1.xlsx
2017-08-04T19:53:32+0800	Verify row:2
2017-08-04T19:53:32+0800	Validation1 validation  result is:Pass
2017-08-04T19:53:32+0800	Verify row:3
2017-08-04T19:53:32+0800	Validation2 validation  result is:Pass
2017-08-04T19:53:32+0800	Verify row:4
2017-08-04T19:53:32+0800	Validation3 validation  result is:Fail
2017-08-04T19:53:32+0800	Verify row:5
2017-08-04T19:53:32+0800	Validation3 validation  result is:Fail
2017-08-04T19:53:32+0800	Verify row:6
2017-08-04T19:53:32+0800	Validation3 validation  result is:Pass
2017-08-04T19:53:32+0800	Verify row:7
2017-08-04T19:53:32+0800	Validation3 validation  result is:Fail
2017-08-04T19:53:32+0800	Verify row:8
2017-08-04T19:53:32+0800	Validation3 validation  result is:Pass
2017-08-04T19:53:32+0800	Verify row:9
2017-08-04T19:53:32+0800	Validation4 validation  result is:Fail
2017-08-04T19:53:32+0800	Verify row:10
2017-08-04T19:53:32+0800	Validation4 validation  result is:Fail
2017-08-04T19:53:32+0800	Verify row:11
2017-08-04T19:53:32+0800	Validation4 validation  result is:Pass
2017-08-04T19:53:32+0800	Verify row:12
2017-08-04T19:53:32+0800	Validation4 validation  result is:Fail
2017-08-04T19:53:32+0800	Verify row:13
2017-08-04T19:53:32+0800	Validation4 validation  result is:Fail
2017-08-04T19:53:32+0800	Verify row:14
2017-08-04T19:53:32+0800	Validation5 validation  result is:Pass
2017-08-04T19:53:32+0800	Verify row:15
2017-08-04T19:53:32+0800	Validation6 validation  result is:Pass
2017-08-04T19:53:32+0800	Verify row:16
2017-08-04T19:53:32+0800	Validation7 validation  result is:Fail
2017-08-04T19:53:32+0800	Verify row:17
2017-08-04T19:53:32+0800	Validation7 validation  result is:Fail
2017-08-04T19:53:32+0800	Verify row:18
2017-08-04T19:53:32+0800	Validation7 validation  result is:Fail
2017-08-04T19:53:32+0800	Verify row:19
2017-08-04T19:53:32+0800	Validation7 validation  result is:Fail
2017-08-04T19:53:32+0800	Verify row:20
2017-08-04T19:53:32+0800	Validation7 validation  result is:Pass
2017-08-04T19:53:32+0800	Verify row:21
2017-08-04T19:53:32+0800	Validation8 validation  result is:Fail
2017-08-04T19:53:32+0800	Verify row:22
2017-08-04T19:53:32+0800	Validation8 validation  result is:Fail
2017-08-04T19:53:32+0800	Verify row:23
2017-08-04T19:53:32+0800	Validation8 validation  result is:Pass
2017-08-04T19:53:32+0800	Verify row:24
2017-08-04T19:53:32+0800	Validation8 validation  result is:Fail
2017-08-04T19:53:32+0800	Verify row:25
2017-08-04T19:53:32+0800	Validation8 validation  result is:Pass
2017-08-04T19:53:32+0800	Verify row:26
2017-08-04T19:53:33+0800	Validation9 validation  result is:Fail
2017-08-04T19:53:33+0800	Verify row:27
2017-08-04T19:53:33+0800	Validation9 validation  result is:Fail
2017-08-04T19:53:33+0800	Verify row:28
2017-08-04T19:53:33+0800	Validation9 validation  result is:Pass
2017-08-04T19:53:33+0800	Verify row:29
2017-08-04T19:53:33+0800	Validation9 validation  result is:Fail
2017-08-04T19:53:33+0800	Verify row:30
2017-08-04T19:53:33+0800	Validation9 validation  result is:Pass
2017-08-04T19:53:33+0800	Verify row:31
2017-08-04T19:53:33+0800	Validation10 validation  result is:Fail
2017-08-04T19:53:33+0800	Verify row:32
2017-08-04T19:53:33+0800	Validation10 validation  result is:Fail
2017-08-04T19:53:33+0800	Verify row:33
2017-08-04T19:53:33+0800	Validation10 validation  result is:Pass
2017-08-04T19:53:33+0800	Verify row:34
2017-08-04T19:53:33+0800	Validation10 validation  result is:Fail
2017-08-04T19:53:33+0800	Verify row:35
2017-08-04T19:53:33+0800	Validation10 validation  result is:Pass
2017-08-04T19:53:33+0800	Verify row:36
2017-08-04T19:53:33+0800	Validation11 validation  result is:Pass
2017-08-04T19:53:33+0800	Verify row:37
2017-08-04T19:53:33+0800	Validation12 validation  result is:Fail
2017-08-04T19:53:33+0800	Verify row:38
2017-08-04T19:53:33+0800	Validation13 validation  result is:Pass
2017-08-04T19:53:33+0800	Verify row:39
2017-08-04T19:53:33+0800	Validation14 validation  result is:Pass
2017-08-04T19:53:33+0800	Verify row:40
2017-08-04T19:53:33+0800	Validation15 validation  result is:Fail
2017-08-04T19:53:33+0800	Verify row:41
2017-08-04T19:53:33+0800	Validation16 validation  result is:Fail
2017-08-04T19:53:33+0800	Verify row:42
2017-08-04T19:53:33+0800	Validation17 validation  result is:Pass
2017-08-04T19:53:33+0800	Verify row:43
2017-08-04T19:53:33+0800	Validation17 validation  result is:Pass
2017-08-04T19:53:33+0800	Verify row:44
2017-08-04T19:53:33+0800	Validation17 validation  result is:Pass
2017-08-04T19:53:33+0800	Verify row:45
2017-08-04T19:53:33+0800	Validation17 validation  result is:Pass
2017-08-04T19:53:33+0800	Verify row:46
2017-08-04T19:53:33+0800	Validation18 validation  result is:Pass
2017-08-04T19:53:33+0800	Verify row:47
2017-08-04T19:53:33+0800	Validation18 validation  result is:Pass
2017-08-04T19:53:33+0800	Verify row:48
2017-08-04T19:53:33+0800	Validation18 validation  result is:Pass
2017-08-04T19:53:33+0800	Verify row:49
2017-08-04T19:53:33+0800	Validation18 validation  result is:Pass
2017-08-04T19:53:33+0800	Verify row:50
2017-08-04T19:53:33+0800	Validation19 validation  result is:Pass
2017-08-04T19:53:33+0800	Verify row:51
2017-08-04T19:53:33+0800	Validation19 validation  result is:Pass
2017-08-04T19:53:33+0800	Verify row:52
2017-08-04T19:53:33+0800	Validation19 validation  result is:Pass
2017-08-04T19:53:33+0800	Verify row:53
2017-08-04T19:53:33+0800	Validation19 validation  result is:Pass
2017-08-04T19:53:33+0800	Verify row:54
2017-08-04T19:53:33+0800	Validation20 validation  result is:Fail
2017-08-04T19:53:33+0800	Verify row:55
2017-08-04T19:53:33+0800	Validation20 validation  result is:Fail
2017-08-04T19:53:33+0800	Verify row:56
2017-08-04T19:53:33+0800	Validation20 validation  result is:Pass
2017-08-04T19:53:33+0800	Verify row:57
2017-08-04T19:53:33+0800	Validation20 validation  result is:Fail
2017-08-04T19:53:33+0800	Verify row:58
2017-08-04T19:53:33+0800	Validation20 validation  result is:Pass
2017-08-04T19:53:33+0800	Verify row:59
2017-08-04T19:53:33+0800	Validation21 validation  result is:Fail
2017-08-04T19:53:33+0800	Verify row:60
2017-08-04T19:53:33+0800	Validation21 validation  result is:Fail
2017-08-04T19:53:33+0800	Verify row:61
2017-08-04T19:53:33+0800	Validation21 validation  result is:Pass
2017-08-04T19:53:33+0800	Verify row:62
2017-08-04T19:53:33+0800	Validation21 validation  result is:Pass
2017-08-04T19:53:33+0800	Verify row:63
2017-08-04T19:53:33+0800	Validation22 validation  result is:Pass
2017-08-04T19:53:33+0800	Verify row:64
2017-08-04T19:53:33+0800	Validation22 validation  result is:Fail
2017-08-04T19:53:33+0800	Verify row:65
2017-08-04T19:53:33+0800	Validation22 validation  result is:Pass
2017-08-04T19:53:33+0800	Verify row:66
2017-08-04T19:53:33+0800	Validation22 validation  result is:Pass
2017-08-04T19:53:33+0800	Verify row:67
2017-08-04T19:53:33+0800	Validation23 validation  result is:Pass
2017-08-04T19:53:33+0800	Verify row:68
2017-08-04T19:53:33+0800	Validation23 validation  result is:Pass
2017-08-04T19:53:33+0800	Verify row:69
2017-08-04T19:53:33+0800	Validation23 validation  result is:Fail
2017-08-04T19:53:33+0800	Verify row:70
2017-08-04T19:53:33+0800	Validation23 validation  result is:Pass
2017-08-04T19:53:33+0800	Verify row:71
2017-08-04T19:53:33+0800	Validation24 validation  result is:Pass
2017-08-04T19:53:33+0800	Verify row:72
2017-08-04T19:53:33+0800	Validation24 validation  result is:Fail
2017-08-04T19:53:33+0800	Verify row:73
2017-08-04T19:53:33+0800	Validation24 validation  result is:Pass
2017-08-04T19:53:33+0800	Verify row:74
2017-08-04T19:53:33+0800	Validation24 validation  result is:Pass
2017-08-04T19:53:33+0800	Verify row:75
2017-08-04T19:53:33+0800	---------------End----------------
2017-08-04T19:54:14+0800	---------------Start----------------
2017-08-04T19:54:14+0800	Exported file is:F:\Automation\arauto\arsel/target/result/data/download/2f9d44a16d0948c3873a8fa33aec4fd7.xlsx
2017-08-04T19:54:14+0800	TestData file is:F:\Automation\arauto\arsel\target\TestResult\20170804\CheckRule\TestData\Val_TESTPRODUCT_FSA045v1.xlsx
2017-08-04T19:54:14+0800	Verify row:2
2017-08-04T19:54:14+0800	Validation1 validation  result is:Pass
2017-08-04T19:54:14+0800	Verify row:3
2017-08-04T19:54:14+0800	Validation1 validation  result is:Pass
2017-08-04T19:54:14+0800	Verify row:4
2017-08-04T19:54:14+0800	Validation1 validation  result is:Fail
2017-08-04T19:54:14+0800	Verify row:5
2017-08-04T19:54:14+0800	Validation2 validation  result is:Pass
2017-08-04T19:54:14+0800	Verify row:6
2017-08-04T19:54:14+0800	Validation2 validation  result is:Pass
2017-08-04T19:54:14+0800	Verify row:7
2017-08-04T19:54:14+0800	Validation2 validation  result is:Pass
2017-08-04T19:54:14+0800	Verify row:8
2017-08-04T19:54:14+0800	Validation3 validation  result is:Pass
2017-08-04T19:54:14+0800	Verify row:9
2017-08-04T19:54:14+0800	Validation3 validation  result is:Pass
2017-08-04T19:54:14+0800	Verify row:10
2017-08-04T19:54:14+0800	Validation3 validation  result is:Pass
2017-08-04T19:54:14+0800	Verify row:11
2017-08-04T19:54:14+0800	Validation4 validation  result is:Pass
2017-08-04T19:54:14+0800	Verify row:12
2017-08-04T19:54:14+0800	Validation4 validation  result is:Pass
2017-08-04T19:54:14+0800	Verify row:13
2017-08-04T19:54:14+0800	Validation4 validation  result is:Fail
2017-08-04T19:54:14+0800	Verify row:14
2017-08-04T19:54:14+0800	Validation5 validation  result is:Pass
2017-08-04T19:54:14+0800	Verify row:15
2017-08-04T19:54:14+0800	Validation5 validation  result is:Pass
2017-08-04T19:54:14+0800	Verify row:16
2017-08-04T19:54:14+0800	Validation5 validation  result is:Fail
2017-08-04T19:54:14+0800	Verify row:17
2017-08-04T19:54:14+0800	Validation6 validation  result is:Pass
2017-08-04T19:54:14+0800	Verify row:18
2017-08-04T19:54:14+0800	Validation6 validation  result is:Pass
2017-08-04T19:54:14+0800	Verify row:19
2017-08-04T19:54:14+0800	Validation6 validation  result is:Fail
2017-08-04T19:54:14+0800	Verify row:20
2017-08-04T19:54:14+0800	Validation7 validation  result is:Pass
2017-08-04T19:54:14+0800	Verify row:21
2017-08-04T19:54:14+0800	Validation7 validation  result is:Fail
2017-08-04T19:54:14+0800	Verify row:22
2017-08-04T19:54:14+0800	Validation7 validation  result is:Fail
2017-08-04T19:54:14+0800	Verify row:23
2017-08-04T19:54:14+0800	Validation8 validation  result is:Pass
2017-08-04T19:54:14+0800	Verify row:24
2017-08-04T19:54:14+0800	Validation8 validation  result is:Pass
2017-08-04T19:54:14+0800	Verify row:25
2017-08-04T19:54:14+0800	Validation8 validation  result is:Fail
2017-08-04T19:54:14+0800	Verify row:26
2017-08-04T19:54:14+0800	Validation9 validation  result is:Fail
2017-08-04T19:54:14+0800	Verify row:27
2017-08-04T19:54:14+0800	Validation9 validation  result is:Fail
2017-08-04T19:54:14+0800	Verify row:28
2017-08-04T19:54:14+0800	Validation9 validation  result is:Pass
2017-08-04T19:54:14+0800	Verify row:29
2017-08-04T19:54:14+0800	Validation9 validation  result is:Fail
2017-08-04T19:54:14+0800	Verify row:30
2017-08-04T19:54:14+0800	Validation9 validation  result is:Fail
2017-08-04T19:54:14+0800	Verify row:31
2017-08-04T19:54:14+0800	Validation10 validation  result is:Pass
2017-08-04T19:54:14+0800	Verify row:32
2017-08-04T19:54:14+0800	---------------End----------------
2017-08-04T19:56:03+0800	---------------Start----------------
2017-08-04T19:56:03+0800	Exported file is:F:\Automation\arauto\arsel/target/result/data/download/38b160b67fdc49f7a3e6086df4284c0a.xlsx
2017-08-04T19:56:03+0800	TestData file is:F:\Automation\arauto\arsel\target\TestResult\20170804\CheckRule\TestData\XVal_TESTPRODUCT_0001_20140630_CARv5.xlsx
2017-08-04T19:56:03+0800	Verify row:2
2017-08-04T19:56:03+0800	Cross Validation1 validation  result is:Pass
2017-08-04T19:56:03+0800	Complate....
2017-08-04T19:56:03+0800	---------------End----------------
2017-08-04T19:56:50+0800	---------------Start----------------
2017-08-04T19:56:50+0800	Exported file is:F:\Automation\arauto\arsel/target/result/data/download/81beb2c6052340ca893fe3b81f6e9a1a.xlsx
2017-08-04T19:56:50+0800	TestData file is:F:\Automation\arauto\arsel\target\TestResult\20170804\CheckRule\TestData\XVal_TESTPRODUCT_1000_20141231_CARv5.xlsx
2017-08-04T19:56:50+0800	Verify row:2
2017-08-04T19:56:50+0800	Cross Validation2 validation  result is:Pass
2017-08-04T19:56:50+0800	Verify row:3
2017-08-04T19:56:50+0800	Cross Validation3 validation  result is:Fail
2017-08-04T19:56:50+0800	Complate....
2017-08-04T19:56:50+0800	---------------End----------------
2017-08-04T19:57:36+0800	---------------Start----------------
2017-08-04T19:57:36+0800	Exported file is:F:\Automation\arauto\arsel/target/result/data/download/fb90a50ae0bf42b7b397685c4095e2cf.xlsx
2017-08-04T19:57:36+0800	TestData file is:F:\Automation\arauto\arsel\target\TestResult\20170804\CheckRule\TestData\XVal_TESTPRODUCT_1001_20150430_CARv5.xlsx
2017-08-04T19:57:36+0800	Verify row:2
2017-08-04T19:57:36+0800	Cross Validation4 validation  result is:Pass
2017-08-04T19:57:36+0800	Verify row:3
2017-08-04T19:57:36+0800	Cross Validation5 validation  result is:Fail
2017-08-04T19:57:36+0800	Complate....
2017-08-04T19:57:36+0800	---------------End----------------
2017-08-04T19:58:22+0800	---------------Start----------------
2017-08-04T19:58:22+0800	Exported file is:F:\Automation\arauto\arsel/target/result/data/download/8c0e8b5007454461bdde02b687123293.xlsx
2017-08-04T19:58:22+0800	TestData file is:F:\Automation\arauto\arsel\target\TestResult\20170804\CheckRule\TestData\XVal_TESTPRODUCT_1002_20141128_CARv5.xlsx
2017-08-04T19:58:22+0800	Verify row:2
2017-08-04T19:58:22+0800	Cross Validation6 validation  result is:Pass
2017-08-04T19:58:22+0800	Verify row:3
2017-08-04T19:58:22+0800	Cross Validation7 validation  result is:Pass
2017-08-04T19:58:22+0800	Verify row:4
2017-08-04T19:58:22+0800	Cross Validation7 validation  result is:Fail
2017-08-04T19:58:22+0800	Complate....
2017-08-04T19:58:22+0800	---------------End----------------
2017-08-04T19:59:07+0800	---------------Start----------------
2017-08-04T19:59:07+0800	Exported file is:F:\Automation\arauto\arsel/target/result/data/download/d661f7cb215c43148f5b50a8044ee04c.xlsx
2017-08-04T19:59:07+0800	TestData file is:F:\Automation\arauto\arsel\target\TestResult\20170804\CheckRule\TestData\XVal_TESTPRODUCT_1003_20151231_CARv5.xlsx
2017-08-04T19:59:07+0800	Verify row:2
2017-08-04T19:59:07+0800	Cross Validation8 validation  result is:Pass
2017-08-04T19:59:07+0800	Verify row:3
2017-08-04T19:59:07+0800	Cross Validation9 validation  result is:Fail
2017-08-04T19:59:07+0800	Complate....
2017-08-04T19:59:07+0800	---------------End----------------
2017-08-04T19:59:53+0800	---------------Start----------------
2017-08-04T19:59:53+0800	Exported file is:F:\Automation\arauto\arsel/target/result/data/download/095754ad01e143e2891197e486c65c36.xlsx
2017-08-04T19:59:53+0800	TestData file is:F:\Automation\arauto\arsel\target\TestResult\20170804\CheckRule\TestData\XVal_TESTPRODUCT_1004_20141231_CARv5.xlsx
2017-08-04T19:59:53+0800	Verify row:2
2017-08-04T19:59:53+0800	Cross Validation10 validation  result is:Pass
2017-08-04T19:59:53+0800	Verify row:3
2017-08-04T19:59:53+0800	Cross Validation11 validation  result is:Fail
2017-08-04T19:59:53+0800	Verify row:4
2017-08-04T19:59:53+0800	Cross Validation11 validation  result is:Fail
2017-08-04T19:59:53+0800	Verify row:5
2017-08-04T19:59:53+0800	Cross Validation11 validation  result is:Fail
2017-08-04T19:59:53+0800	Complate....
2017-08-04T19:59:53+0800	---------------End----------------
2017-08-04T20:00:38+0800	---------------Start----------------
2017-08-04T20:00:38+0800	Exported file is:F:\Automation\arauto\arsel/target/result/data/download/c2af8e30d83e460b8be43c9378ce4535.xlsx
2017-08-04T20:00:38+0800	TestData file is:F:\Automation\arauto\arsel\target\TestResult\20170804\CheckRule\TestData\XVal_TESTPRODUCT_1005_20141231_CARv5.xlsx
2017-08-04T20:00:38+0800	Verify row:2
2017-08-04T20:00:38+0800	Cross Validation12 validation  result is:Fail
2017-08-04T20:00:38+0800	Verify row:3
2017-08-04T20:00:38+0800	Cross Validation13 validation  result is:Pass
2017-08-04T20:00:38+0800	Verify row:4
2017-08-04T20:00:38+0800	Cross Validation13 validation  result is:Fail
2017-08-04T20:00:38+0800	Complate....
2017-08-04T20:00:38+0800	---------------End----------------
2017-08-04T20:01:23+0800	---------------Start----------------
2017-08-04T20:01:23+0800	Exported file is:F:\Automation\arauto\arsel/target/result/data/download/7b2af14d61634cd0bd9f4abfb7020b48.xlsx
2017-08-04T20:01:23+0800	TestData file is:F:\Automation\arauto\arsel\target\TestResult\20170804\CheckRule\TestData\XVal_TESTPRODUCT_1007_20141222_CARv5.xlsx
2017-08-04T20:01:23+0800	Verify row:2
2017-08-04T20:01:23+0800	Cross Validation16 validation  result is:Pass
2017-08-04T20:01:23+0800	Verify row:3
2017-08-04T20:01:23+0800	Cross Validation17 validation  result is:Ignored
2017-08-04T20:01:23+0800	Complate....
2017-08-04T20:01:23+0800	---------------End----------------
2017-08-04T20:02:08+0800	---------------Start----------------
2017-08-04T20:02:08+0800	Exported file is:F:\Automation\arauto\arsel/target/result/data/download/1a36125b84424da79c8e4a3e4d274c3a.xlsx
2017-08-04T20:02:08+0800	TestData file is:F:\Automation\arauto\arsel\target\TestResult\20170804\CheckRule\TestData\XVal_TESTPRODUCT_1008_20150430_CARv5.xlsx
2017-08-04T20:02:08+0800	Verify row:2
2017-08-04T20:02:08+0800	Cross Validation18 validation  result is:Pass
2017-08-04T20:02:08+0800	Verify row:3
2017-08-04T20:02:08+0800	Cross Validation19 validation  result is:Fail
2017-08-04T20:02:08+0800	Complate....
2017-08-04T20:02:08+0800	---------------End----------------
2017-08-04T20:02:54+0800	---------------Start----------------
2017-08-04T20:02:54+0800	Exported file is:F:\Automation\arauto\arsel/target/result/data/download/222f61e7df1d48a189ff473ef7870961.xlsx
2017-08-04T20:02:54+0800	TestData file is:F:\Automation\arauto\arsel\target\TestResult\20170804\CheckRule\TestData\XVal_TESTPRODUCT_1009_20141128_CARv5.xlsx
2017-08-04T20:02:54+0800	Verify row:2
2017-08-04T20:02:54+0800	Cross Validation20 validation  result is:Pass
2017-08-04T20:02:54+0800	Verify row:3
2017-08-04T20:02:54+0800	Cross Validation21 validation  result is:Fail
2017-08-04T20:02:54+0800	Verify row:4
2017-08-04T20:02:54+0800	Cross Validation21 validation  result is:Pass
2017-08-04T20:02:54+0800	Verify row:5
2017-08-04T20:02:54+0800	Cross Validation21 validation  result is:Fail
2017-08-04T20:02:54+0800	Complate....
2017-08-04T20:02:54+0800	---------------End----------------
2017-08-04T20:03:40+0800	---------------Start----------------
2017-08-04T20:03:40+0800	Exported file is:F:\Automation\arauto\arsel/target/result/data/download/bff4f1cc548b413382fd7ee7adb2d72f.xlsx
2017-08-04T20:03:40+0800	TestData file is:F:\Automation\arauto\arsel\target\TestResult\20170804\CheckRule\TestData\XVal_TESTPRODUCT_1010_20141224_CARv5.xlsx
2017-08-04T20:03:40+0800	Verify row:2
2017-08-04T20:03:40+0800	Cross Validation22 validation  result is:Pass
2017-08-04T20:03:40+0800	Verify row:3
2017-08-04T20:03:40+0800	Cross Validation23 validation  result is:Fail
2017-08-04T20:03:40+0800	Verify row:4
2017-08-04T20:03:40+0800	Cross Validation23 validation  result is:Pass
2017-08-04T20:03:40+0800	Verify row:5
2017-08-04T20:03:40+0800	Cross Validation23 validation  result is:Fail
2017-08-04T20:03:40+0800	Complate....
2017-08-04T20:03:40+0800	---------------End----------------
2017-08-04T20:04:26+0800	---------------Start----------------
2017-08-04T20:04:26+0800	Exported file is:F:\Automation\arauto\arsel/target/result/data/download/b871a491461447259fa2a3591594b375.xlsx
2017-08-04T20:04:26+0800	TestData file is:F:\Automation\arauto\arsel\target\TestResult\20170804\CheckRule\TestData\XVal_TESTPRODUCT_1012_20141218_CARv5.xlsx
2017-08-04T20:04:26+0800	Verify row:2
2017-08-04T20:04:26+0800	Cross Validation28 validation  result is:Pass
2017-08-04T20:04:26+0800	Verify row:3
2017-08-04T20:04:26+0800	Cross Validation29 validation  result is:Fail
2017-08-04T20:04:26+0800	Complate....
2017-08-04T20:04:26+0800	---------------End----------------
2017-08-04T20:05:16+0800	---------------Start----------------
2017-08-04T20:05:16+0800	Exported file is:F:\Automation\arauto\arsel/target/result/data/download/90b4d99f299342b887baffd64205ba44.xlsx
2017-08-04T20:05:16+0800	TestData file is:F:\Automation\arauto\arsel\target\TestResult\20170804\CheckRule\TestData\XVal_TESTPRODUCT_FI35v1_20151115.xlsx
2017-08-04T20:05:16+0800	Verify row:2
2017-08-04T20:05:16+0800	Cross Validation4 validation  result is:Error
2017-08-04T20:05:16+0800	Verify row:3
2017-08-04T20:05:16+0800	Cross Validation5 validation  result is:Error
2017-08-04T20:05:16+0800	Verify row:4
2017-08-04T20:05:16+0800	Cross Validation6 validation  result is:Error
2017-08-04T20:05:16+0800	Verify row:5
2017-08-04T20:05:16+0800	Cross Validation7 validation  result is:Error
2017-08-04T20:05:16+0800	Verify row:6
2017-08-04T20:05:16+0800	Cross Validation8 validation  result is:Error
2017-08-04T20:05:16+0800	Verify row:7
2017-08-04T20:05:16+0800	Cross Validation9 validation  result is:Error
2017-08-04T20:05:16+0800	Verify row:8
2017-08-04T20:05:16+0800	Cross Validation10 validation  result is:Error
2017-08-04T20:05:16+0800	Verify row:9
2017-08-04T20:05:16+0800	Cross Validation11 validation  result is:Error
2017-08-04T20:05:16+0800	Verify row:10
2017-08-04T20:05:16+0800	Cross Validation12 validation  result is:Error
2017-08-04T20:05:16+0800	Complate....
2017-08-04T20:05:16+0800	---------------End----------------
2017-08-04T20:05:56+0800	---------------Start----------------
2017-08-04T20:05:56+0800	Exported file is:F:\Automation\arauto\arsel/target/result/data/download/4491f914106f45dca3f1c040029f857c.xlsx
2017-08-04T20:05:56+0800	TestData file is:F:\Automation\arauto\arsel\target\TestResult\20170804\CheckRule\TestData\XVal_TESTPRODUCT_FI35v1_20151120.xlsx
2017-08-04T20:05:56+0800	Verify row:2
2017-08-04T20:05:56+0800	Cross Validation1 validation  result is:Error
2017-08-04T20:05:56+0800	Verify row:3
2017-08-04T20:05:56+0800	Cross Validation2 validation  result is:Error
2017-08-04T20:05:56+0800	Verify row:4
2017-08-04T20:05:56+0800	Cross Validation3 validation  result is:Error
2017-08-04T20:05:56+0800	Verify row:5
2017-08-04T20:05:56+0800	Cross Validation13 validation  result is:Error
2017-08-04T20:05:56+0800	Verify row:6
2017-08-04T20:05:56+0800	Cross Validation14 validation  result is:Error
2017-08-04T20:05:56+0800	Verify row:7
2017-08-04T20:05:56+0800	Cross Validation15 validation  result is:Error
2017-08-04T20:05:56+0800	Verify row:8
2017-08-04T20:05:56+0800	Cross Validation16 validation  result is:Error
2017-08-04T20:05:56+0800	Verify row:9
2017-08-04T20:05:56+0800	Cross Validation17 validation  result is:Error
2017-08-04T20:05:56+0800	Verify row:10
2017-08-04T20:05:56+0800	Cross Validation18 validation  result is:Error
2017-08-04T20:05:56+0800	Complate....
2017-08-04T20:05:56+0800	---------------End----------------
2017-08-04T20:06:33+0800	---------------Start----------------
2017-08-04T20:06:33+0800	Exported file is:F:\Automation\arauto\arsel/target/result/data/download/1e275b9fa9cb4a3da2960c38f8a95224.xlsx
2017-08-04T20:06:33+0800	TestData file is:F:\Automation\arauto\arsel\target\TestResult\20170804\CheckRule\TestData\Val_TESTPRODUCT_FI35v1_20141120.xlsx
2017-08-04T20:06:33+0800	Verify row:2
2017-08-04T20:06:33+0800	Validation1 validation  result is:Fail
2017-08-04T20:06:33+0800	Verify row:3
2017-08-04T20:06:33+0800	Validation2 validation  result is:Pass
2017-08-04T20:06:33+0800	Verify row:4
2017-08-04T20:06:33+0800	Validation3 validation  result is:Ignored
2017-08-04T20:06:33+0800	Verify row:5
2017-08-04T20:06:33+0800	Validation7 validation  result is:Fail
2017-08-04T20:06:33+0800	Verify row:6
2017-08-04T20:06:33+0800	Validation8 validation  result is:Pass
2017-08-04T20:06:33+0800	Verify row:7
2017-08-04T20:06:33+0800	Validation9 validation  result is:Ignored
2017-08-04T20:06:33+0800	Verify row:8
2017-08-04T20:06:33+0800	Validation10 validation  result is:Fail
2017-08-04T20:06:33+0800	Verify row:9
2017-08-04T20:06:33+0800	Validation11 validation  result is:Error
2017-08-04T20:06:33+0800	Verify row:10
2017-08-04T20:06:33+0800	Validation12 validation  result is:Ignored
2017-08-04T20:06:33+0800	Complate....
2017-08-04T20:06:33+0800	---------------End----------------
2017-08-04T20:07:13+0800	---------------Start----------------
2017-08-04T20:07:13+0800	Exported file is:F:\Automation\arauto\arsel/target/result/data/download/68910424180e4686ae6ca1baae69b734.xlsx
2017-08-04T20:07:13+0800	TestData file is:F:\Automation\arauto\arsel\target\TestResult\20170804\CheckRule\TestData\Val_TESTPRODUCT_CAGSv4 - AllowNull.xlsx
2017-08-04T20:07:13+0800	Verify row:2
2017-08-04T20:07:13+0800	Validation12 validation  result is:Pass
2017-08-04T20:07:13+0800	Verify row:3
2017-08-04T20:07:13+0800	Validation12 validation  result is:Fail
2017-08-04T20:07:13+0800	Verify row:4
2017-08-04T20:07:14+0800	Validation12 validation  result is:Pass
2017-08-04T20:07:14+0800	Verify row:5
2017-08-04T20:07:14+0800	Validation12 validation  result is:Fail
2017-08-04T20:07:14+0800	Verify row:6
2017-08-04T20:07:14+0800	Validation12 validation  result is:Fail
2017-08-04T20:07:14+0800	Verify row:7
2017-08-04T20:07:14+0800	Validation13 validation  result is:Pass
2017-08-04T20:07:14+0800	Verify row:8
2017-08-04T20:07:14+0800	Validation14 validation  result is:Fail
2017-08-04T20:07:14+0800	Complate....
2017-08-04T20:07:14+0800	---------------End----------------
2017-08-04T20:08:03+0800	---------------Start----------------
2017-08-04T20:08:03+0800	Exported file is:F:\Automation\arauto\arsel/target/result/data/download/c3edead78f7041c088ed09adec0ec080.xlsx
2017-08-04T20:08:03+0800	TestData file is:F:\Automation\arauto\arsel\target\TestResult\20170804\CheckRule\TestData\XVal_TESTPRODUCTNULLIMP_MKCMv100_20160601.xlsx
2017-08-04T20:08:03+0800	Verify row:2
2017-08-04T20:08:03+0800	Cross Validation1 validation  result is:Fail
2017-08-04T20:08:03+0800	Verify row:3
2017-08-04T20:08:03+0800	Cross Validation2 validation  result is:Fail
2017-08-04T20:08:03+0800	Verify row:4
2017-08-04T20:08:03+0800	Cross Validation3 validation  result is:Pass
2017-08-04T20:08:03+0800	Complate....
2017-08-04T20:08:03+0800	---------------End----------------
2017-08-04T20:08:45+0800	---------------Start----------------
2017-08-04T20:08:45+0800	Exported file is:F:\Automation\arauto\arsel/target/result/data/download/477e1fd81aca46f5aa79345a9bbdec61.xlsx
2017-08-04T20:08:45+0800	TestData file is:F:\Automation\arauto\arsel\target\TestResult\20170804\CheckRule\TestData\XVal_TESTPRODUCTNULLIMP_MKCMv101_20160331.xlsx
2017-08-04T20:08:45+0800	Verify row:2
2017-08-04T20:08:45+0800	Cross Validation1 validation  result is:Pass
2017-08-04T20:08:45+0800	Complate....
2017-08-04T20:08:45+0800	---------------End----------------
2017-08-04T20:09:32+0800	---------------Start----------------
2017-08-04T20:09:32+0800	Exported file is:F:\Automation\arauto\arsel/target/result/data/download/6247a354f769412384c14f616a03259d.xlsx
2017-08-04T20:09:32+0800	TestData file is:F:\Automation\arauto\arsel\target\TestResult\20170804\CheckRule\TestData\XVal_GMAXv1.xlsx
2017-08-04T20:09:32+0800	Verify row:2
2017-08-04T20:09:32+0800	Cross Validation60 validation  result is:Pass
2017-08-04T20:09:32+0800	Verify row:3
2017-08-04T20:09:32+0800	Cross Validation61 validation  result is:Pass
2017-08-04T20:09:32+0800	Verify row:4
2017-08-04T20:09:32+0800	Cross Validation62 validation  result is:Pass
2017-08-04T20:09:32+0800	Verify row:5
2017-08-04T20:09:32+0800	Cross Validation63 validation  result is:Fail
2017-08-04T20:09:32+0800	Verify row:6
2017-08-04T20:09:32+0800	Cross Validation64 validation  result is:Fail
2017-08-04T20:09:32+0800	Verify row:7
2017-08-04T20:09:32+0800	Cross Validation65 validation  result is:Fail
2017-08-04T20:09:32+0800	Verify row:8
2017-08-04T20:09:32+0800	Cross Validation66 validation  result is:Error
2017-08-04T20:09:32+0800	Verify row:9
2017-08-04T20:09:32+0800	Cross Validation67 validation  result is:Fail
2017-08-04T20:09:32+0800	Verify row:10
2017-08-04T20:09:33+0800	Cross Validation68 validation  result is:Fail
2017-08-04T20:09:33+0800	Complate....
2017-08-04T20:09:33+0800	---------------End----------------
2017-08-04T20:10:11+0800	---------------Start----------------
2017-08-04T20:10:11+0800	Exported file is:F:\Automation\arauto\arsel/target/result/data/download/cedbcbda69034c13a06d15ce6d33065c.xlsx
2017-08-04T20:10:11+0800	TestData file is:F:\Automation\arauto\arsel\target\TestResult\20170804\CheckRule\TestData\Val_GMAXv1.xlsx
2017-08-04T20:10:11+0800	Verify row:2
2017-08-04T20:10:11+0800	Validation1 validation  result is:Pass
2017-08-04T20:10:11+0800	Verify row:3
2017-08-04T20:10:11+0800	Validation1 validation  result is:Pass
2017-08-04T20:10:11+0800	Verify row:4
2017-08-04T20:10:11+0800	Validation1 validation  result is:Pass
2017-08-04T20:10:11+0800	Verify row:5
2017-08-04T20:10:11+0800	Validation1 validation  result is:Pass
2017-08-04T20:10:11+0800	Verify row:6
2017-08-04T20:10:11+0800	Validation2 validation  result is:Pass
2017-08-04T20:10:11+0800	Verify row:7
2017-08-04T20:10:11+0800	Validation2 validation  result is:Pass
2017-08-04T20:10:11+0800	Verify row:8
2017-08-04T20:10:11+0800	Validation2 validation  result is:Pass
2017-08-04T20:10:11+0800	Verify row:9
2017-08-04T20:10:11+0800	Validation2 validation  result is:Pass
2017-08-04T20:10:11+0800	Verify row:10
2017-08-04T20:10:11+0800	Validation3 validation  result is:Ignored
2017-08-04T20:10:11+0800	Verify row:11
2017-08-04T20:10:11+0800	Validation3 validation  result is:Pass
2017-08-04T20:10:11+0800	Verify row:12
2017-08-04T20:10:11+0800	Validation3 validation  result is:Pass
2017-08-04T20:10:11+0800	Verify row:13
2017-08-04T20:10:11+0800	Validation3 validation  result is:Pass
2017-08-04T20:10:11+0800	Verify row:14
2017-08-04T20:10:11+0800	Validation4 validation  result is:Fail
2017-08-04T20:10:11+0800	Verify row:15
2017-08-04T20:10:11+0800	Validation4 validation  result is:Fail
2017-08-04T20:10:11+0800	Verify row:16
2017-08-04T20:10:11+0800	Validation4 validation  result is:Fail
2017-08-04T20:10:11+0800	Verify row:17
2017-08-04T20:10:11+0800	Validation4 validation  result is:Fail
2017-08-04T20:10:11+0800	Verify row:18
2017-08-04T20:10:11+0800	Validation5 validation  result is:Pass
2017-08-04T20:10:11+0800	Verify row:19
2017-08-04T20:10:12+0800	Validation5 validation  result is:Pass
2017-08-04T20:10:12+0800	Verify row:20
2017-08-04T20:10:12+0800	Validation5 validation  result is:Pass
2017-08-04T20:10:12+0800	Verify row:21
2017-08-04T20:10:12+0800	Validation5 validation  result is:Pass
2017-08-04T20:10:12+0800	Verify row:22
2017-08-04T20:10:12+0800	Validation6 validation  result is:Error
2017-08-04T20:10:12+0800	Verify row:23
2017-08-04T20:10:12+0800	Validation6 validation  result is:Error
2017-08-04T20:10:12+0800	Verify row:24
2017-08-04T20:10:12+0800	Validation6 validation  result is:Pass
2017-08-04T20:10:12+0800	Verify row:25
2017-08-04T20:10:12+0800	Validation6 validation  result is:Pass
2017-08-04T20:10:12+0800	Verify row:26
2017-08-04T20:10:12+0800	Validation7 validation  result is:Pass
2017-08-04T20:10:12+0800	Verify row:27
2017-08-04T20:10:12+0800	Validation8 validation  result is:Fail
2017-08-04T20:10:12+0800	Verify row:28
2017-08-04T20:10:12+0800	Validation10 validation  result is:Pass
2017-08-04T20:10:12+0800	Verify row:29
2017-08-04T20:10:12+0800	Validation10 validation  result is:Pass
2017-08-04T20:10:12+0800	Verify row:30
2017-08-04T20:10:12+0800	Validation11 validation  result is:Pass
2017-08-04T20:10:12+0800	Verify row:31
2017-08-04T20:10:12+0800	Validation11 validation  result is:Fail
2017-08-04T20:10:12+0800	Verify row:32
2017-08-04T20:10:12+0800	Validation12 validation  result is:Pass
2017-08-04T20:10:12+0800	Verify row:33
2017-08-04T20:10:12+0800	Validation12 validation  result is:Fail
2017-08-04T20:10:12+0800	Verify row:34
2017-08-04T20:10:12+0800	Validation13 validation  result is:Pass
2017-08-04T20:10:12+0800	Verify row:35
2017-08-04T20:10:12+0800	Validation13 validation  result is:Pass
2017-08-04T20:10:12+0800	Verify row:36
2017-08-04T20:10:12+0800	Validation14 validation  result is:Pass
2017-08-04T20:10:12+0800	Verify row:37
2017-08-04T20:10:12+0800	Validation15 validation  result is:Fail
2017-08-04T20:10:12+0800	Verify row:38
2017-08-04T20:10:12+0800	Validation16 validation  result is:Pass
2017-08-04T20:10:12+0800	Verify row:39
2017-08-04T20:10:12+0800	Validation16 validation  result is:Pass
2017-08-04T20:10:12+0800	Verify row:40
2017-08-04T20:10:12+0800	Validation50 validation  result is:Error
2017-08-04T20:10:12+0800	Verify row:41
2017-08-04T20:10:12+0800	Validation51 validation  result is:Error
2017-08-04T20:10:12+0800	Verify row:42
2017-08-04T20:10:12+0800	Validation52 validation  result is:Error
2017-08-04T20:10:12+0800	Verify row:43
2017-08-04T20:10:12+0800	Validation53 validation  result is:Error
2017-08-04T20:10:12+0800	Verify row:44
2017-08-04T20:10:12+0800	Validation54 validation  result is:Fail
2017-08-04T20:10:12+0800	Verify row:45
2017-08-04T20:10:12+0800	Validation55 validation  result is:Error
2017-08-04T20:10:12+0800	Verify row:46
2017-08-04T20:10:12+0800	Validation17 validation  result is:Error
2017-08-04T20:10:12+0800	Verify row:47
2017-08-04T20:10:12+0800	Validation18 validation  result is:Pass
2017-08-04T20:10:12+0800	Complate....
2017-08-04T20:10:12+0800	---------------End----------------
2017-08-04T20:10:50+0800	---------------Start----------------
2017-08-04T20:10:50+0800	Exported file is:F:\Automation\arauto\arsel/target/result/data/download/8f68cd6e595f4ea5ba75b680ebe80a66.xlsx
2017-08-04T20:10:50+0800	TestData file is:F:\Automation\arauto\arsel\target\TestResult\20170804\CheckRule\TestData\Val_GMAXv2.xlsx
2017-08-04T20:10:50+0800	Verify row:2
2017-08-04T20:10:50+0800	Validation3 validation  result is:Fail
2017-08-04T20:10:50+0800	Verify row:3
2017-08-04T20:10:50+0800	Validation3 validation  result is:Pass
2017-08-04T20:10:50+0800	Verify row:4
2017-08-04T20:10:50+0800	Validation3 validation  result is:Pass
2017-08-04T20:10:50+0800	Verify row:5
2017-08-04T20:10:50+0800	Validation3 validation  result is:Pass
2017-08-04T20:10:50+0800	Verify row:6
2017-08-04T20:10:50+0800	Validation4 validation  result is:Fail
2017-08-04T20:10:50+0800	Verify row:7
2017-08-04T20:10:50+0800	Validation6 validation  result is:Pass
2017-08-04T20:10:50+0800	Verify row:8
2017-08-04T20:10:50+0800	Validation6 validation  result is:Pass
2017-08-04T20:10:50+0800	Verify row:9
2017-08-04T20:10:50+0800	Validation6 validation  result is:Pass
2017-08-04T20:10:50+0800	Verify row:10
2017-08-04T20:10:50+0800	Validation6 validation  result is:Pass
2017-08-04T20:10:50+0800	Complate....
2017-08-04T20:10:50+0800	---------------End----------------
